[0511/124447.907:ERROR:crash_report_database_win.cc(469)] failed to stat report
[0511/124447.946:ERROR:crash_report_database_win.cc(469)] failed to stat report
[0511/124447.946:ERROR:crash_report_database_win.cc(469)] failed to stat report
[0511/180009.179:ERROR:crash_report_database_win.cc(469)] failed to stat report
[0511/180009.179:ERROR:crash_report_database_win.cc(469)] failed to stat report
[0511/180009.180:ERROR:crash_report_database_win.cc(469)] failed to stat report
[0517/213440.513:ERROR:crash_report_database_win.cc(469)] failed to stat report
[0517/213440.515:ERROR:crash_report_database_win.cc(469)] failed to stat report
[0517/213440.515:ERROR:crash_report_database_win.cc(469)] failed to stat report
[0518/154658.291:ERROR:crash_report_database_win.cc(469)] failed to stat report
[0518/154658.322:ERROR:crash_report_database_win.cc(469)] failed to stat report
[0518/154658.322:ERROR:crash_report_database_win.cc(469)] failed to stat report
<<<<<<< HEAD
[0518/225428.805:ERROR:crash_report_database_win.cc(469)] failed to stat report
[0518/225428.805:ERROR:crash_report_database_win.cc(469)] failed to stat report
[0518/225428.805:ERROR:crash_report_database_win.cc(469)] failed to stat report
[0518/230331.227:ERROR:crash_report_database_win.cc(469)] failed to stat report
[0518/230331.227:ERROR:crash_report_database_win.cc(469)] failed to stat report
[0518/230331.227:ERROR:crash_report_database_win.cc(469)] failed to stat report
=======
[0518/225620.124:ERROR:crash_report_database_win.cc(469)] failed to stat report
[0518/225620.124:ERROR:crash_report_database_win.cc(469)] failed to stat report
[0518/225620.124:ERROR:crash_report_database_win.cc(469)] failed to stat report
[0518/225841.802:ERROR:crash_report_database_win.cc(469)] failed to stat report
[0518/225841.802:ERROR:crash_report_database_win.cc(469)] failed to stat report
[0518/225841.802:ERROR:crash_report_database_win.cc(469)] failed to stat report
>>>>>>> b99979d65be47e77c300a428d4ef17f15a436f00
[0518/231444.743:ERROR:crash_report_database_win.cc(469)] failed to stat report
[0518/231444.743:ERROR:crash_report_database_win.cc(469)] failed to stat report
[0518/231444.743:ERROR:crash_report_database_win.cc(469)] failed to stat report
[0518/231714.676:ERROR:crash_report_database_win.cc(469)] failed to stat report
[0518/231714.676:ERROR:crash_report_database_win.cc(469)] failed to stat report
[0518/231714.676:ERROR:crash_report_database_win.cc(469)] failed to stat report
[0519/211411.305:ERROR:crash_report_database_win.cc(469)] failed to stat report
[0519/211411.306:ERROR:crash_report_database_win.cc(469)] failed to stat report
[0519/211411.306:ERROR:crash_report_database_win.cc(469)] failed to stat report
[0520/193243.865:ERROR:crash_report_database_win.cc(469)] failed to stat report
[0520/193243.959:ERROR:crash_report_database_win.cc(469)] failed to stat report
[0520/193243.959:ERROR:crash_report_database_win.cc(469)] failed to stat report
[0521/175739.422:ERROR:crash_report_database_win.cc(469)] failed to stat report
[0521/175739.431:ERROR:crash_report_database_win.cc(469)] failed to stat report
[0521/175739.431:ERROR:crash_report_database_win.cc(469)] failed to stat report
[0522/190309.211:ERROR:crash_report_database_win.cc(469)] failed to stat report
[0522/190309.278:ERROR:crash_report_database_win.cc(469)] failed to stat report
[0522/190309.278:ERROR:crash_report_database_win.cc(469)] failed to stat report
[0522/225259.496:ERROR:crash_report_database_win.cc(469)] failed to stat report
[0522/225259.543:ERROR:crash_report_database_win.cc(469)] failed to stat report
[0522/225259.543:ERROR:crash_report_database_win.cc(469)] failed to stat report
[0522/230710.814:ERROR:crash_report_database_win.cc(469)] failed to stat report
[0522/230710.844:ERROR:crash_report_database_win.cc(469)] failed to stat report
[0522/230710.844:ERROR:crash_report_database_win.cc(469)] failed to stat report
[0522/233310.157:ERROR:crash_report_database_win.cc(469)] failed to stat report
[0522/233310.298:ERROR:crash_report_database_win.cc(469)] failed to stat report
[0522/233310.298:ERROR:crash_report_database_win.cc(469)] failed to stat report
[0523/143437.651:ERROR:crash_report_database_win.cc(469)] failed to stat report
[0523/143437.792:ERROR:crash_report_database_win.cc(469)] failed to stat report
[0523/143437.792:ERROR:crash_report_database_win.cc(469)] failed to stat report
[0524/175854.364:ERROR:crash_report_database_win.cc(469)] failed to stat report
[0524/175854.380:ERROR:crash_report_database_win.cc(469)] failed to stat report
[0524/175854.380:ERROR:crash_report_database_win.cc(469)] failed to stat report
[0524/180704.776:ERROR:crash_report_database_win.cc(469)] failed to stat report
[0524/180704.776:ERROR:crash_report_database_win.cc(469)] failed to stat report
[0524/180704.777:ERROR:crash_report_database_win.cc(469)] failed to stat report
[0524/184059.442:ERROR:crash_report_database_win.cc(469)] failed to stat report
[0524/184059.473:ERROR:crash_report_database_win.cc(469)] failed to stat report
[0524/184059.473:ERROR:crash_report_database_win.cc(469)] failed to stat report
[0524/185025.918:ERROR:crash_report_database_win.cc(469)] failed to stat report
[0524/185025.918:ERROR:crash_report_database_win.cc(469)] failed to stat report
[0524/185025.918:ERROR:crash_report_database_win.cc(469)] failed to stat report
[0524/204227.780:ERROR:crash_report_database_win.cc(469)] failed to stat report
[0524/204228.044:ERROR:crash_report_database_win.cc(469)] failed to stat report
[0524/204228.045:ERROR:crash_report_database_win.cc(469)] failed to stat report
[0524/205505.260:ERROR:crash_report_database_win.cc(469)] failed to stat report
[0524/205505.261:ERROR:crash_report_database_win.cc(469)] failed to stat report
[0524/205505.261:ERROR:crash_report_database_win.cc(469)] failed to stat report
